0 info it worked if it ends with ok
1 verbose cli [ '/usr/local/bin/node', '/usr/local/bin/npm', 'init', '-y' ]
2 info using npm@2.15.9
3 info using node@v4.6.1
4 silly package data undefined
5 info init written successfully
6 verbose stack Error: Cannot find module 'spdx'
6 verbose stack     at Function.Module._resolveFilename (module.js:325:15)
6 verbose stack     at Function.Module._load (module.js:276:25)
6 verbose stack     at Module.require (module.js:353:17)
6 verbose stack     at require (internal/module.js:12:17)
6 verbose stack     at Object.<anonymous> (/usr/local/lib/node_modules/npm/node_modules/init-package-json/node_modules/validate-npm-package-license/index.js:1:74)
6 verbose stack     at Module._compile (module.js:409:26)
6 verbose stack     at Object.Module._extensions..js (module.js:416:10)
6 verbose stack     at Module.load (module.js:343:32)
6 verbose stack     at Function.Module._load (module.js:300:12)
6 verbose stack     at Module.require (module.js:353:17)
7 verbose cwd /Users/weichie/Desktop/WeichieProjects/tutorials/react/react-starter
8 error Darwin 15.6.0
9 error argv "/usr/local/bin/node" "/usr/local/bin/npm" "init" "-y"
10 error node v4.6.1
11 error npm  v2.15.9
12 error code MODULE_NOT_FOUND
13 error Cannot find module 'spdx'
14 error If you need help, you may report this error at:
14 error     <https://github.com/npm/npm/issues>
15 verbose exit [ 1, true ]
